鬠ｿ[1m@storybook/core v8.6.18[22m[0m
[0m
node.exe : [33mThe 
CJS build of Vite's 
Node API is 
deprecated. See https:/
/vite.dev/guide/trouble
shooting.html#vite-cjs-
node-api-deprecated 
for more details.[39m
At C:¥Users¥Acer¥AppDat
a¥Roaming¥npm¥yarn.ps1:
24 char:5
+     & "node$exe"  "$b
asedir/node_modules/cor
epack/dist/yarn.js" 
$args
+     ‾‾‾‾‾‾‾‾‾‾‾‾‾‾‾‾‾
‾‾‾‾‾‾‾‾‾‾‾‾‾‾‾‾‾‾‾‾‾‾‾
‾‾‾‾‾‾‾‾‾‾‾‾‾‾‾‾‾‾‾‾‾‾‾
‾‾
    + CategoryInfo     
         : NotSpecifi  
  ed: ([33mThe CJS    
 bu...e details.[3    
9m:String) [], Rem    
oteException
    + FullyQualifiedEr 
   rorId : NativeComm  
  andError
 
(node:4572) [DEP0190] 
DeprecationWarning: 
Passing args to a 
child process with 
shell option true can 
lead to security 
vulnerabilities, as 
the arguments are not 
escaped, only 
concatenated.
(Use `node 
--trace-deprecation 
...` to show where the 
warning was created)
info => Starting manager..
info => Starting preview..
info Using tsconfig paths for react-docgen
ﾎ禿ｲﾂ｡ﾎ禿ｶﾃ免禿ｶﾃ免禿ｶﾃ免禿ｶﾃ免禿ｶﾃ免禿ｶﾃ免禿ｶﾃ免禿ｶﾃ免禿ｶﾃ免禿ｶﾃ免禿ｶﾃ免禿ｶﾃ免禿ｶﾃ免禿ｶﾃ免禿ｶﾃ免禿ｶﾃ免禿ｶﾃ免禿ｶﾃ免禿ｶﾃ免禿ｶﾃ免禿ｶﾃ免禿ｶﾃ免禿ｶﾃ免禿ｶﾃ免禿ｶﾃ免禿ｶﾃ免禿ｶﾃ免禿ｶﾃ免禿ｶﾃ免禿ｶﾃ免禿ｶﾃ免禿ｶﾃ免禿ｶﾃ免禿ｶﾃ免禿ｶﾃ免禿ｶﾃ免禿ｶﾃ免禿ｶﾃ免禿ｶﾃ免禿ｶﾃ免禿ｶﾃ免禿ｶﾃ免禿ｶﾃ免禿ｶﾃ免禿ｶﾃ免禿ｶﾃ免禿ｶﾃ免禿ｶﾃ免禿ｶﾃ免禿ｶﾃ免禿ｶﾃ免禿ｶﾃ免禿ｶﾃ免禿ｶﾃ免禿ｶﾃ免禿ｶﾃ免禿ｶﾃ免禿ｶﾃ免禿ｶﾃ免禿ｶﾃ免禿ｶﾃ免禿ｶﾃ免禿ｶﾃ免禿ｶﾃ免禿ｶﾃ免禿ｶﾃ免禿ｶﾃ免禿ｶﾃ免禿ｶﾃ免禿ｶﾃ免禿ｶﾃ免禿ｶﾃ免禿ｶﾃ免禿ｶﾃ免禿ｶﾃ免禿ｶﾃ免禿ｶﾃ免禿ｶﾃ免禿ｲﾂｫ
ﾎ禿ｶﾃｩ                                                                              ﾎ禿ｶﾃｩ
ﾎ禿ｶﾃｩ   [38;2;162;224;94mStorybook [1m8.6.18[22m for [1mC:¥Users¥Acer¥Documents¥ds-vibe¥apps¥storybook¥node[22m   ﾎ禿ｶﾃｩ
ﾎ禿ｶﾃｩ   [1m_modules¥@storybook¥react-vite[22m started[39m                                     ﾎ禿ｶﾃｩ
ﾎ禿ｶﾃｩ   [90m[4m365 ms[24m for manager and [4m568 ms[24m for preview[39m                                  ﾎ禿ｶﾃｩ
ﾎ禿ｶﾃｩ                                                                              ﾎ禿ｶﾃｩ
ﾎ禿ｶﾃｩ   Local:            [36mhttp://localhost:6006/[39m                                   ﾎ禿ｶﾃｩ
ﾎ禿ｶﾃｩ   On your network:  [36mhttp://10.192.255.252:6006/[39m                              ﾎ禿ｶﾃｩ
ﾎ禿ｶﾃｩ                                                                              ﾎ禿ｶﾃｩ
ﾎ禿ｶﾃｩ   [38;2;243;173;56mA new version ([1m10.2.16[22m) is available![39m                                      ﾎ禿ｶﾃｩ
ﾎ禿ｶﾃｩ                                                                              ﾎ禿ｶﾃｩ
ﾎ禿ｶﾃｩ   [90mUpgrade now:[39m [38;2;162;224;94mnpx storybook@latest upgrade[39m                                  ﾎ禿ｶﾃｩ
ﾎ禿ｶﾃｩ                                                                              ﾎ禿ｶﾃｩ
ﾎ禿ｶﾃｩ   [90mRead full changelog:[39m                                                       ﾎ禿ｶﾃｩ
ﾎ禿ｶﾃｩ   [90m[4mhttps://github.com/storybookjs/storybook/blob/main/CHANGELOG.md[24m[39m            ﾎ禿ｶﾃｩ
ﾎ禿ｶﾃｩ                                                                              ﾎ禿ｶﾃｩ
ﾎ禿ｲ笆対禿ｶﾃ免禿ｶﾃ免禿ｶﾃ免禿ｶﾃ免禿ｶﾃ免禿ｶﾃ免禿ｶﾃ免禿ｶﾃ免禿ｶﾃ免禿ｶﾃ免禿ｶﾃ免禿ｶﾃ免禿ｶﾃ免禿ｶﾃ免禿ｶﾃ免禿ｶﾃ免禿ｶﾃ免禿ｶﾃ免禿ｶﾃ免禿ｶﾃ免禿ｶﾃ免禿ｶﾃ免禿ｶﾃ免禿ｶﾃ免禿ｶﾃ免禿ｶﾃ免禿ｶﾃ免禿ｶﾃ免禿ｶﾃ免禿ｶﾃ免禿ｶﾃ免禿ｶﾃ免禿ｶﾃ免禿ｶﾃ免禿ｶﾃ免禿ｶﾃ免禿ｶﾃ免禿ｶﾃ免禿ｶﾃ免禿ｶﾃ免禿ｶﾃ免禿ｶﾃ免禿ｶﾃ免禿ｶﾃ免禿ｶﾃ免禿ｶﾃ免禿ｶﾃ免禿ｶﾃ免禿ｶﾃ免禿ｶﾃ免禿ｶﾃ免禿ｶﾃ免禿ｶﾃ免禿ｶﾃ免禿ｶﾃ免禿ｶﾃ免禿ｶﾃ免禿ｶﾃ免禿ｶﾃ免禿ｶﾃ免禿ｶﾃ免禿ｶﾃ免禿ｶﾃ免禿ｶﾃ免禿ｶﾃ免禿ｶﾃ免禿ｶﾃ免禿ｶﾃ免禿ｶﾃ免禿ｶﾃ免禿ｶﾃ免禿ｶﾃ免禿ｶﾃ免禿ｶﾃ免禿ｶﾃ免禿ｶﾃ免禿ｶﾃ免禿ｶﾃ免禿ｲﾂｻ
WARN 竕｡ﾆ津慊ｿ Unable to index files:
WARN - ../../packages/components/src/layout/Layout.mdx,../../packages/components/src/layout/Layout.stories.tsx: You created a component docs page for 'Layout/Box & Stack', but also tagged the CSF file with 'autodocs'. This is probably a mistake.
WARN - ../../packages/components/src/primitives/Button/Button.mdx,../../packages/components/src/primitives/Button/Button.stories.tsx: You created a component docs page for 'Primitives/Button', but also tagged the CSF file with 'autodocs'. This is probably a mistake.
WARN - ../../packages/components/src/primitives/Checkbox/Checkbox.mdx,../../packages/components/src/primitives/Checkbox/Checkbox.stories.tsx: You created a component docs page for 'Primitives/Checkbox', but also tagged the CSF file with 'autodocs'. This is probably a mistake.
WARN - ../../packages/components/src/primitives/Icon/Icon.mdx,../../packages/components/src/primitives/Icon/Icon.stories.tsx: You created a component docs page for 'Primitives/Icon', but also tagged the CSF file with 'autodocs'. This is probably a mistake.
WARN - ../../packages/components/src/primitives/Input/Input.mdx,../../packages/components/src/primitives/Input/Input.stories.tsx: You created a component docs page for 'Primitives/Input', but also tagged the CSF file with 'autodocs'. This is probably a mistake.
WARN - ../../packages/components/src/primitives/RadioGroup/RadioGroup.mdx,../../packages/components/src/primitives/RadioGroup/RadioGroup.stories.tsx: You created a component docs page for 'Primitives/RadioGroup', but also tagged the CSF file with 'autodocs'. This is probably a mistake.
WARN - ../../packages/components/src/primitives/Switch/Switch.mdx,../../packages/components/src/primitives/Switch/Switch.stories.tsx: You created a component docs page for 'Primitives/Switch', but also tagged the CSF file with 'autodocs'. This is probably a mistake.
WARN - ../../packages/components/src/primitives/Typography/Typography.mdx,../../packages/components/src/primitives/Typography/Typography.stories.tsx: You created a component docs page for 'Primitives/Typography', but also tagged the CSF file with 'autodocs'. This is probably a mistake.
WARN 竕｡ﾆ津慊ｿ Unable to index files:
WARN - ../../packages/components/src/layout/Layout.mdx,../../packages/components/src/layout/Layout.stories.tsx: You created a component docs page for 'Layout/Box & Stack', but also tagged the CSF file with 'autodocs'. This is probably a mistake.
WARN - ../../packages/components/src/primitives/Checkbox/Checkbox.mdx,../../packages/components/src/primitives/Checkbox/Checkbox.stories.tsx: You created a component docs page for 'Primitives/Checkbox', but also tagged the CSF file with 'autodocs'. This is probably a mistake.
WARN - ../../packages/components/src/primitives/Icon/Icon.mdx,../../packages/components/src/primitives/Icon/Icon.stories.tsx: You created a component docs page for 'Primitives/Icon', but also tagged the CSF file with 'autodocs'. This is probably a mistake.
WARN - ../../packages/components/src/primitives/Input/Input.mdx,../../packages/components/src/primitives/Input/Input.stories.tsx: You created a component docs page for 'Primitives/Input', but also tagged the CSF file with 'autodocs'. This is probably a mistake.
WARN - ../../packages/components/src/primitives/RadioGroup/RadioGroup.mdx,../../packages/components/src/primitives/RadioGroup/RadioGroup.stories.tsx: You created a component docs page for 'Primitives/RadioGroup', but also tagged the CSF file with 'autodocs'. This is probably a mistake.
WARN - ../../packages/components/src/primitives/Switch/Switch.mdx,../../packages/components/src/primitives/Switch/Switch.stories.tsx: You created a component docs page for 'Primitives/Switch', but also tagged the CSF file with 'autodocs'. This is probably a mistake.
WARN - ../../packages/components/src/primitives/Typography/Typography.mdx,../../packages/components/src/primitives/Typography/Typography.stories.tsx: You created a component docs page for 'Primitives/Typography', but also tagged the CSF file with 'autodocs'. This is probably a mistake.
WARN 竕｡ﾆ津慊ｿ Unable to index files:
WARN - ../../packages/components/src/layout/Layout.mdx,../../packages/components/src/layout/Layout.stories.tsx: You created a component docs page for 'Layout/Box & Stack', but also tagged the CSF file with 'autodocs'. This is probably a mistake.
WARN - ../../packages/components/src/primitives/Checkbox/Checkbox.mdx,../../packages/components/src/primitives/Checkbox/Checkbox.stories.tsx: You created a component docs page for 'Primitives/Checkbox', but also tagged the CSF file with 'autodocs'. This is probably a mistake.
WARN - ../../packages/components/src/primitives/Icon/Icon.mdx,../../packages/components/src/primitives/Icon/Icon.stories.tsx: You created a component docs page for 'Primitives/Icon', but also tagged the CSF file with 'autodocs'. This is probably a mistake.
WARN - ../../packages/components/src/primitives/RadioGroup/RadioGroup.mdx,../../packages/components/src/primitives/RadioGroup/RadioGroup.stories.tsx: You created a component docs page for 'Primitives/RadioGroup', but also tagged the CSF file with 'autodocs'. This is probably a mistake.
WARN - ../../packages/components/src/primitives/Switch/Switch.mdx,../../packages/components/src/primitives/Switch/Switch.stories.tsx: You created a component docs page for 'Primitives/Switch', but also tagged the CSF file with 'autodocs'. This is probably a mistake.
WARN - ../../packages/components/src/primitives/Typography/Typography.mdx,../../packages/components/src/primitives/Typography/Typography.stories.tsx: You created a component docs page for 'Primitives/Typography', but also tagged the CSF file with 'autodocs'. This is probably a mistake.
WARN 竕｡ﾆ津慊ｿ Unable to index files:
WARN - ../../packages/components/src/layout/Layout.mdx,../../packages/components/src/layout/Layout.stories.tsx: You created a component docs page for 'Layout/Box & Stack', but also tagged the CSF file with 'autodocs'. This is probably a mistake.
WARN - ../../packages/components/src/primitives/Icon/Icon.mdx,../../packages/components/src/primitives/Icon/Icon.stories.tsx: You created a component docs page for 'Primitives/Icon', but also tagged the CSF file with 'autodocs'. This is probably a mistake.
WARN - ../../packages/components/src/primitives/RadioGroup/RadioGroup.mdx,../../packages/components/src/primitives/RadioGroup/RadioGroup.stories.tsx: You created a component docs page for 'Primitives/RadioGroup', but also tagged the CSF file with 'autodocs'. This is probably a mistake.
WARN - ../../packages/components/src/primitives/Switch/Switch.mdx,../../packages/components/src/primitives/Switch/Switch.stories.tsx: You created a component docs page for 'Primitives/Switch', but also tagged the CSF file with 'autodocs'. This is probably a mistake.
WARN - ../../packages/components/src/primitives/Typography/Typography.mdx,../../packages/components/src/primitives/Typography/Typography.stories.tsx: You created a component docs page for 'Primitives/Typography', but also tagged the CSF file with 'autodocs'. This is probably a mistake.
WARN 竕｡ﾆ津慊ｿ Unable to index files:
WARN - ../../packages/components/src/layout/Layout.mdx,../../packages/components/src/layout/Layout.stories.tsx: You created a component docs page for 'Layout/Box & Stack', but also tagged the CSF file with 'autodocs'. This is probably a mistake.
WARN - ../../packages/components/src/primitives/Icon/Icon.mdx,../../packages/components/src/primitives/Icon/Icon.stories.tsx: You created a component docs page for 'Primitives/Icon', but also tagged the CSF file with 'autodocs'. This is probably a mistake.
WARN - ../../packages/components/src/primitives/RadioGroup/RadioGroup.mdx,../../packages/components/src/primitives/RadioGroup/RadioGroup.stories.tsx: You created a component docs page for 'Primitives/RadioGroup', but also tagged the CSF file with 'autodocs'. This is probably a mistake.
WARN - ../../packages/components/src/primitives/Typography/Typography.mdx,../../packages/components/src/primitives/Typography/Typography.stories.tsx: You created a component docs page for 'Primitives/Typography', but also tagged the CSF file with 'autodocs'. This is probably a mistake.
WARN 竕｡ﾆ津慊ｿ Unable to index files:
WARN - ../../packages/components/src/layout/Layout.mdx,../../packages/components/src/layout/Layout.stories.tsx: You created a component docs page for 'Layout/Box & Stack', but also tagged the CSF file with 'autodocs'. This is probably a mistake.
WARN - ../../packages/components/src/primitives/Icon/Icon.mdx,../../packages/components/src/primitives/Icon/Icon.stories.tsx: You created a component docs page for 'Primitives/Icon', but also tagged the CSF file with 'autodocs'. This is probably a mistake.
WARN - ../../packages/components/src/primitives/RadioGroup/RadioGroup.mdx,../../packages/components/src/primitives/RadioGroup/RadioGroup.stories.tsx: You created a component docs page for 'Primitives/RadioGroup', but also tagged the CSF file with 'autodocs'. This is probably a mistake.
WARN 竕｡ﾆ津慊ｿ Unable to index files:
WARN - ../../packages/components/src/layout/Layout.mdx,../../packages/components/src/layout/Layout.stories.tsx: You created a component docs page for 'Layout/Box & Stack', but also tagged the CSF file with 'autodocs'. This is probably a mistake.
WARN - ../../packages/components/src/primitives/Icon/Icon.mdx,../../packages/components/src/primitives/Icon/Icon.stories.tsx: You created a component docs page for 'Primitives/Icon', but also tagged the CSF file with 'autodocs'. This is probably a mistake.
WARN 竕｡ﾆ津慊ｿ Unable to index ../../packages/components/src/layout/Layout.mdx,../../packages/components/src/layout/Layout.stories.tsx:
WARN   Error: You created a component docs page for 'Layout/Box & Stack', but also tagged the CSF file with 'autodocs'. This is probably a mistake.
WARN     at Mi.chooseDuplicate (C:¥Users¥Acer¥Documents¥ds-vibe¥node_modules¥@storybook¥core¥dist¥core-server¥index.cjs:36391:15)
WARN     at C:¥Users¥Acer¥Documents¥ds-vibe¥node_modules¥@storybook¥core¥dist¥core-server¥index.cjs:36430:30
WARN     at Array.forEach (<anonymous>)
WARN     at Mi.getIndexAndStats (C:¥Users¥Acer¥Documents¥ds-vibe¥node_modules¥@storybook¥core¥dist¥core-server¥index.cjs:36427:13)
WARN     at async Mi.getIndex (C:¥Users¥Acer¥Documents¥ds-vibe¥node_modules¥@storybook¥core¥dist¥core-server¥index.cjs:36414:13)
WARN     at async Array.<anonymous> (C:¥Users¥Acer¥Documents¥ds-vibe¥node_modules¥@storybook¥core¥dist¥core-server¥index.cjs:36843:15)
[2m13.12.34[22m [31m
[1m[vite][22m[39m 
[31mInternal server 
error: Failed to 
resolve import "../pack
ages/tokens/src" from "
stories/Tokens.stories.
tsx". Does the file 
exist?[39m
  Plugin: [35mvite:imp
ort-analysis[39m
  File: [36mC:/Users/A
cer/Documents/ds-vibe/a
pps/storybook/stories/T
okens.stories.tsx[39m:
3:81
[33m  1  |  import { 
jsxDEV } from "react/js
x-dev-runtime";
  2  |  import { 
colorPrimitive, 
fontSize, spacing, 
radii, shadows } from "
../packages/tokens/src"
;
     |                 
                       
                       
      ^
  3  |  const 
TokensDoc = () => {
  4  |    return /* 
@__PURE__ */ 
jsxDEV("div", { 
className: "p-8 
font-sans bg-white 
text-slate-900", 
children: [[39m
      at TransformPlugi
nContext._formatError (
file:///C:/Users/Acer/D
ocuments/ds-vibe/node_m
odules/vite/dist/node/c
hunks/dep-BK3b2jBa.js:4
9258:41)
      at TransformPlugi
nContext.error (file://
/C:/Users/Acer/Document
s/ds-vibe/node_modules/
vite/dist/node/chunks/d
ep-BK3b2jBa.js:49253:16
)
      at normalizeUrl (
file:///C:/Users/Acer/D
ocuments/ds-vibe/node_m
odules/vite/dist/node/c
hunks/dep-BK3b2jBa.js:6
4307:23)
      at process.proces
sTicksAndRejections (no
de:internal/process/tas
k_queues:103:5)
      at async file:///
C:/Users/Acer/Documents
/ds-vibe/node_modules/v
ite/dist/node/chunks/de
p-BK3b2jBa.js:64439:39
      at async 
Promise.all (index 1)
      at async Transfor
mPluginContext.transfor
m (file:///C:/Users/Ace
r/Documents/ds-vibe/nod
e_modules/vite/dist/nod
e/chunks/dep-BK3b2jBa.j
s:64366:7)
      at async PluginCo
ntainer.transform (file
:///C:/Users/Acer/Docum
ents/ds-vibe/node_modul
es/vite/dist/node/chunk
s/dep-BK3b2jBa.js:49099
:18)
      at async 
loadAndTransform (file:
///C:/Users/Acer/Docume
nts/ds-vibe/node_module
s/vite/dist/node/chunks
/dep-BK3b2jBa.js:51978:
27)

